Arguments: 
  C:\Program Files\nodejs\node.exe C:\Users\User\AppData\Roaming\npm\node_modules\yarn\bin\yarn.js init

PATH: 
  C:\Users\User\bin;C:\Program Files\Git\mingw64\bin;C:\Program Files\Git\usr\local\bin;C:\Program Files\Git\usr\bin;C:\Program Files\Git\usr\bin;C:\Program Files\Git\mingw64\bin;C:\Program Files\Git\usr\bin;C:\Users\User\bin;C:\Program Files\Common Files\Oracle\Java\javapath;C:\Python310\Scripts;C:\Python310;C:\Windows\system32;C:\Windows;C:\Windows\System32\Wbem;C:\Windows\System32\WindowsPowerShell\v1.0;C:\Windows\System32\OpenSSH;D:\MinGW\bin;C:\ProgramData\chocolatey\bin;C:\Program Files\Sublime Text;C:\Program Files\Git\cmd;D:\development\sdks\flutter\bin;C:\Program Files\Java\jdk-17.0.1\bin;C:\Program Files\nodejs;C:\Program Files\Docker\Docker\resources\bin;C:\ProgramData\DockerDesktop\version-bin;C:\Program Files\MySQL\MySQL Shell 8.0\bin;D:\Installed Apps\Python\Scripts;D:\Installed Apps\Python;C:\Users\User\AppData\Local\Microsoft\WindowsApps;C:\Program Files\heroku\bin;D:\Installed Apps\Microsoft VS Code\bin;D:\Installed Apps\Speedtest;C:\Users\User\AppData\Roaming\npm;D:\Installed Apps\ORACLE CLIENT 11.2\instantclient_11_2;D:\Installed Apps\netcat-1.11;D:\Installed Apps\Redis-x64-3.0.504;D:\Installed Apps\Postgres\bin;D:\Installed Apps\youtube-dl;C:\Program Files\MySQL\MySQL Server 8.0\bin;D:\Installed Apps\RabbitMQ Server\rabbitmq_server-3.9.14\sbin;C:\Program Files\Git\usr\bin\vendor_perl;C:\Program Files\Git\usr\bin\core_perl

Yarn version: 
  1.22.17

Node version: 
  16.13.2

Platform: 
  win32 x64

Trace: 
  Error: canceled
      at Interface.<anonymous> (C:\Users\User\AppData\Roaming\npm\node_modules\yarn\lib\cli.js:137143:13)
      at Interface.emit (node:events:390:28)
      at Interface._ttyWrite (node:readline:1081:16)
      at ReadStream.onkeypress (node:readline:288:10)
      at ReadStream.emit (node:events:390:28)
      at emitKeys (node:internal/readline/utils:358:14)
      at emitKeys.next (<anonymous>)
      at ReadStream.onData (node:internal/readline/emitKeypressEvents:61:36)
      at ReadStream.emit (node:events:390:28)
      at addChunk (node:internal/streams/readable:315:12)

npm manifest: 
  No manifest

yarn manifest: 
  No manifest

Lockfile: 
  No lockfile
